<?xml version="1.0" encoding="UTF-8"?>
<!--

       Copyright 2016-2025 the original author or authors.

       Licensed under the Apache License, Version 2.0 (the "License");
       you may not use this file except in compliance with the License.
       You may obtain a copy of the License at

          http://www.apache.org/licenses/LICENSE-2.0

       Unless required by applicable law or agreed to in writing, software
       distributed under the License is distributed on an "AS IS" BASIS,
       WITHOUT WARRANTIES OR CONDITIONS OF ANY KIND, either express or implied.
       See the License for the specific language governing permissions and
       limitations under the License.

-->
<testsuite xmlns:xsi="http://www.w3.org/2001/XMLSchema-instance" xsi:noNamespaceSchemaLocation="https://maven.apache.org/surefire/maven-surefire-plugin/xsd/surefire-test-report.xsd" version="3.0.2" name="org.mybatis.dynamic.sql.util.FragmentCollectorTest" time="0.081" tests="1" errors="0" skipped="0" failures="0">
  <properties>
    <property name="git.tags" value=""/>
    <property name="java.specification.version" value="17"/>
    <property name="nondexStart" value="0"/>
    <property name="git.build.version" value="2.0.0-SNAPSHOT"/>
    <property name="sun.jnu.encoding" value="UTF-8"/>
    <property name="java.class.path" value="/home/nadim/mybatis-dynamic-sql/target/test-classes:/home/nadim/mybatis-dynamic-sql/target/classes:/home/nadim/.m2/repository/org/jetbrains/kotlin/kotlin-stdlib-jdk8/2.0.21/kotlin-stdlib-jdk8-2.0.21.jar:/home/nadim/.m2/repository/org/jetbrains/kotlin/kotlin-stdlib/2.0.21/kotlin-stdlib-2.0.21.jar:/home/nadim/.m2/repository/org/jetbrains/annotations/13.0/annotations-13.0.jar:/home/nadim/.m2/repository/org/jetbrains/kotlin/kotlin-stdlib-jdk7/2.0.21/kotlin-stdlib-jdk7-2.0.21.jar:/home/nadim/.m2/repository/org/springframework/spring-jdbc/6.2.0/spring-jdbc-6.2.0.jar:/home/nadim/.m2/repository/org/springframework/spring-beans/6.2.0/spring-beans-6.2.0.jar:/home/nadim/.m2/repository/org/springframework/spring-core/6.2.0/spring-core-6.2.0.jar:/home/nadim/.m2/repository/org/springframework/spring-jcl/6.2.0/spring-jcl-6.2.0.jar:/home/nadim/.m2/repository/org/springframework/spring-tx/6.2.0/spring-tx-6.2.0.jar:/home/nadim/.m2/repository/org/mybatis/mybatis/3.5.16/mybatis-3.5.16.jar:/home/nadim/.m2/repository/org/jetbrains/kotlin/kotlin-compiler/2.0.21/kotlin-compiler-2.0.21.jar:/home/nadim/.m2/repository/org/jetbrains/kotlin/kotlin-script-runtime/2.0.21/kotlin-script-runtime-2.0.21.jar:/home/nadim/.m2/repository/org/jetbrains/kotlin/kotlin-reflect/1.6.10/kotlin-reflect-1.6.10.jar:/home/nadim/.m2/repository/org/jetbrains/intellij/deps/trove4j/1.0.20200330/trove4j-1.0.20200330.jar:/home/nadim/.m2/repository/org/jetbrains/kotlinx/kotlinx-coroutines-core-jvm/1.6.4/kotlinx-coroutines-core-jvm-1.6.4.jar:/home/nadim/.m2/repository/org/jetbrains/kotlin/kotlin-stdlib-common/1.6.21/kotlin-stdlib-common-1.6.21.jar:/home/nadim/.m2/repository/org/junit/jupiter/junit-jupiter-engine/5.11.3/junit-jupiter-engine-5.11.3.jar:/home/nadim/.m2/repository/org/junit/platform/junit-platform-engine/1.11.3/junit-platform-engine-1.11.3.jar:/home/nadim/.m2/repository/org/opentest4j/opentest4j/1.3.0/opentest4j-1.3.0.jar:/home/nadim/.m2/repository/org/junit/platform/junit-platform-commons/1.11.3/junit-platform-commons-1.11.3.jar:/home/nadim/.m2/repository/org/junit/jupiter/junit-jupiter-api/5.11.3/junit-jupiter-api-5.11.3.jar:/home/nadim/.m2/repository/org/apiguardian/apiguardian-api/1.1.2/apiguardian-api-1.1.2.jar:/home/nadim/.m2/repository/org/junit/jupiter/junit-jupiter-params/5.11.3/junit-jupiter-params-5.11.3.jar:/home/nadim/.m2/repository/org/assertj/assertj-core/3.26.3/assertj-core-3.26.3.jar:/home/nadim/.m2/repository/net/bytebuddy/byte-buddy/1.14.18/byte-buddy-1.14.18.jar:/home/nadim/.m2/repository/org/mybatis/mybatis-spring/3.0.4/mybatis-spring-3.0.4.jar:/home/nadim/.m2/repository/org/hsqldb/hsqldb/2.7.4/hsqldb-2.7.4.jar:/home/nadim/.m2/repository/org/springframework/batch/spring-batch-core/5.1.2/spring-batch-core-5.1.2.jar:/home/nadim/.m2/repository/org/springframework/batch/spring-batch-infrastructure/5.1.2/spring-batch-infrastructure-5.1.2.jar:/home/nadim/.m2/repository/org/springframework/retry/spring-retry/2.0.6/spring-retry-2.0.6.jar:/home/nadim/.m2/repository/org/springframework/spring-aop/6.1.7/spring-aop-6.1.7.jar:/home/nadim/.m2/repository/org/springframework/spring-context/6.1.7/spring-context-6.1.7.jar:/home/nadim/.m2/repository/org/springframework/spring-expression/6.1.7/spring-expression-6.1.7.jar:/home/nadim/.m2/repository/io/micrometer/micrometer-core/1.12.6/micrometer-core-1.12.6.jar:/home/nadim/.m2/repository/io/micrometer/micrometer-commons/1.12.6/micrometer-commons-1.12.6.jar:/home/nadim/.m2/repository/org/hdrhistogram/HdrHistogram/2.1.12/HdrHistogram-2.1.12.jar:/home/nadim/.m2/repository/org/latencyutils/LatencyUtils/2.0.3/LatencyUtils-2.0.3.jar:/home/nadim/.m2/repository/io/micrometer/micrometer-observation/1.12.6/micrometer-observation-1.12.6.jar:/home/nadim/.m2/repository/org/springframework/batch/spring-batch-test/5.1.2/spring-batch-test-5.1.2.jar:/home/nadim/.m2/repository/org/springframework/spring-test/6.1.7/spring-test-6.1.7.jar:/home/nadim/.m2/repository/ch/qos/logback/logback-classic/1.5.12/logback-classic-1.5.12.jar:/home/nadim/.m2/repository/ch/qos/logback/logback-core/1.5.12/logback-core-1.5.12.jar:/home/nadim/.m2/repository/org/slf4j/slf4j-api/2.0.15/slf4j-api-2.0.15.jar:/home/nadim/.m2/repository/org/testcontainers/postgresql/1.20.3/postgresql-1.20.3.jar:/home/nadim/.m2/repository/org/testcontainers/jdbc/1.20.3/jdbc-1.20.3.jar:/home/nadim/.m2/repository/org/testcontainers/database-commons/1.20.3/database-commons-1.20.3.jar:/home/nadim/.m2/repository/org/testcontainers/junit-jupiter/1.20.3/junit-jupiter-1.20.3.jar:/home/nadim/.m2/repository/org/testcontainers/testcontainers/1.20.3/testcontainers-1.20.3.jar:/home/nadim/.m2/repository/junit/junit/4.13.2/junit-4.13.2.jar:/home/nadim/.m2/repository/org/hamcrest/hamcrest-core/1.3/hamcrest-core-1.3.jar:/home/nadim/.m2/repository/org/apache/commons/commons-compress/1.24.0/commons-compress-1.24.0.jar:/home/nadim/.m2/repository/org/rnorth/duct-tape/duct-tape/1.0.8/duct-tape-1.0.8.jar:/home/nadim/.m2/repository/com/github/docker-java/docker-java-api/3.4.0/docker-java-api-3.4.0.jar:/home/nadim/.m2/repository/com/fasterxml/jackson/core/jackson-annotations/2.10.3/jackson-annotations-2.10.3.jar:/home/nadim/.m2/repository/com/github/docker-java/docker-java-transport-zerodep/3.4.0/docker-java-transport-zerodep-3.4.0.jar:/home/nadim/.m2/repository/com/github/docker-java/docker-java-transport/3.4.0/docker-java-transport-3.4.0.jar:/home/nadim/.m2/repository/org/postgresql/postgresql/42.7.4/postgresql-42.7.4.jar:/home/nadim/.m2/repository/org/checkerframework/checker-qual/3.42.0/checker-qual-3.42.0.jar:/home/nadim/.m2/repository/org/testcontainers/mariadb/1.20.3/mariadb-1.20.3.jar:/home/nadim/.m2/repository/org/mariadb/jdbc/mariadb-java-client/3.5.0/mariadb-java-client-3.5.0.jar:/home/nadim/.m2/repository/com/github/waffle/waffle-jna/3.3.0/waffle-jna-3.3.0.jar:/home/nadim/.m2/repository/net/java/dev/jna/jna/5.13.0/jna-5.13.0.jar:/home/nadim/.m2/repository/net/java/dev/jna/jna-platform/5.13.0/jna-platform-5.13.0.jar:/home/nadim/.m2/repository/org/slf4j/jcl-over-slf4j/2.0.7/jcl-over-slf4j-2.0.7.jar:/home/nadim/.m2/repository/com/github/ben-manes/caffeine/caffeine/2.9.3/caffeine-2.9.3.jar:/home/nadim/.m2/repository/com/google/errorprone/error_prone_annotations/2.10.0/error_prone_annotations-2.10.0.jar:"/>
    <property name="git.branch" value="b746b2601447a4b39b8b9acf5e777daa4440ae02"/>
    <property name="git.build.host" value="nadim-VMware-Virtual-Platform"/>
    <property name="java.vm.vendor" value="Ubuntu"/>
    <property name="nondexPrintstack" value="false"/>
    <property name="sun.arch.data.model" value="64"/>
    <property name="git.commit.id" value="b746b2601447a4b39b8b9acf5e777daa4440ae02"/>
    <property name="nondexRuns" value="50"/>
    <property name="java.vendor.url" value="https://ubuntu.com/"/>
    <property name="java.vm.specification.version" value="17"/>
    <property name="os.name" value="Linux"/>
    <property name="git.commit.author.time" value="2024-11-15T19:36:06+06:00"/>
    <property name="user.country" value="US"/>
    <property name="git.build.user.name" value=""/>
    <property name="sun.java.launcher" value="SUN_STANDARD"/>
    <property name="sun.boot.library.path" value="/usr/lib/jvm/java-17-openjdk-amd64/lib"/>
    <property name="nondexLogging" value="CONFIG"/>
    <property name="sun.java.command" value="/home/nadim/mybatis-dynamic-sql/target/surefire/surefirebooter-20250927022232019_69.jar /home/nadim/mybatis-dynamic-sql/target/surefire 2025-09-27T02-22-31_712-jvmRun1 surefire-20250927022232019_67tmp surefire_22-20250927022232019_68tmp"/>
    <property name="jdk.debug" value="release"/>
    <property name="test" value="org.mybatis.dynamic.sql.util.FragmentCollectorTest#testWhereFragmentCollectorMerge"/>
    <property name="surefire.test.class.path" value="/home/nadim/mybatis-dynamic-sql/target/test-classes:/home/nadim/mybatis-dynamic-sql/target/classes:/home/nadim/.m2/repository/org/jetbrains/kotlin/kotlin-stdlib-jdk8/2.0.21/kotlin-stdlib-jdk8-2.0.21.jar:/home/nadim/.m2/repository/org/jetbrains/kotlin/kotlin-stdlib/2.0.21/kotlin-stdlib-2.0.21.jar:/home/nadim/.m2/repository/org/jetbrains/annotations/13.0/annotations-13.0.jar:/home/nadim/.m2/repository/org/jetbrains/kotlin/kotlin-stdlib-jdk7/2.0.21/kotlin-stdlib-jdk7-2.0.21.jar:/home/nadim/.m2/repository/org/springframework/spring-jdbc/6.2.0/spring-jdbc-6.2.0.jar:/home/nadim/.m2/repository/org/springframework/spring-beans/6.2.0/spring-beans-6.2.0.jar:/home/nadim/.m2/repository/org/springframework/spring-core/6.2.0/spring-core-6.2.0.jar:/home/nadim/.m2/repository/org/springframework/spring-jcl/6.2.0/spring-jcl-6.2.0.jar:/home/nadim/.m2/repository/org/springframework/spring-tx/6.2.0/spring-tx-6.2.0.jar:/home/nadim/.m2/repository/org/mybatis/mybatis/3.5.16/mybatis-3.5.16.jar:/home/nadim/.m2/repository/org/jetbrains/kotlin/kotlin-compiler/2.0.21/kotlin-compiler-2.0.21.jar:/home/nadim/.m2/repository/org/jetbrains/kotlin/kotlin-script-runtime/2.0.21/kotlin-script-runtime-2.0.21.jar:/home/nadim/.m2/repository/org/jetbrains/kotlin/kotlin-reflect/1.6.10/kotlin-reflect-1.6.10.jar:/home/nadim/.m2/repository/org/jetbrains/intellij/deps/trove4j/1.0.20200330/trove4j-1.0.20200330.jar:/home/nadim/.m2/repository/org/jetbrains/kotlinx/kotlinx-coroutines-core-jvm/1.6.4/kotlinx-coroutines-core-jvm-1.6.4.jar:/home/nadim/.m2/repository/org/jetbrains/kotlin/kotlin-stdlib-common/1.6.21/kotlin-stdlib-common-1.6.21.jar:/home/nadim/.m2/repository/org/junit/jupiter/junit-jupiter-engine/5.11.3/junit-jupiter-engine-5.11.3.jar:/home/nadim/.m2/repository/org/junit/platform/junit-platform-engine/1.11.3/junit-platform-engine-1.11.3.jar:/home/nadim/.m2/repository/org/opentest4j/opentest4j/1.3.0/opentest4j-1.3.0.jar:/home/nadim/.m2/repository/org/junit/platform/junit-platform-commons/1.11.3/junit-platform-commons-1.11.3.jar:/home/nadim/.m2/repository/org/junit/jupiter/junit-jupiter-api/5.11.3/junit-jupiter-api-5.11.3.jar:/home/nadim/.m2/repository/org/apiguardian/apiguardian-api/1.1.2/apiguardian-api-1.1.2.jar:/home/nadim/.m2/repository/org/junit/jupiter/junit-jupiter-params/5.11.3/junit-jupiter-params-5.11.3.jar:/home/nadim/.m2/repository/org/assertj/assertj-core/3.26.3/assertj-core-3.26.3.jar:/home/nadim/.m2/repository/net/bytebuddy/byte-buddy/1.14.18/byte-buddy-1.14.18.jar:/home/nadim/.m2/repository/org/mybatis/mybatis-spring/3.0.4/mybatis-spring-3.0.4.jar:/home/nadim/.m2/repository/org/hsqldb/hsqldb/2.7.4/hsqldb-2.7.4.jar:/home/nadim/.m2/repository/org/springframework/batch/spring-batch-core/5.1.2/spring-batch-core-5.1.2.jar:/home/nadim/.m2/repository/org/springframework/batch/spring-batch-infrastructure/5.1.2/spring-batch-infrastructure-5.1.2.jar:/home/nadim/.m2/repository/org/springframework/retry/spring-retry/2.0.6/spring-retry-2.0.6.jar:/home/nadim/.m2/repository/org/springframework/spring-aop/6.1.7/spring-aop-6.1.7.jar:/home/nadim/.m2/repository/org/springframework/spring-context/6.1.7/spring-context-6.1.7.jar:/home/nadim/.m2/repository/org/springframework/spring-expression/6.1.7/spring-expression-6.1.7.jar:/home/nadim/.m2/repository/io/micrometer/micrometer-core/1.12.6/micrometer-core-1.12.6.jar:/home/nadim/.m2/repository/io/micrometer/micrometer-commons/1.12.6/micrometer-commons-1.12.6.jar:/home/nadim/.m2/repository/org/hdrhistogram/HdrHistogram/2.1.12/HdrHistogram-2.1.12.jar:/home/nadim/.m2/repository/org/latencyutils/LatencyUtils/2.0.3/LatencyUtils-2.0.3.jar:/home/nadim/.m2/repository/io/micrometer/micrometer-observation/1.12.6/micrometer-observation-1.12.6.jar:/home/nadim/.m2/repository/org/springframework/batch/spring-batch-test/5.1.2/spring-batch-test-5.1.2.jar:/home/nadim/.m2/repository/org/springframework/spring-test/6.1.7/spring-test-6.1.7.jar:/home/nadim/.m2/repository/ch/qos/logback/logback-classic/1.5.12/logback-classic-1.5.12.jar:/home/nadim/.m2/repository/ch/qos/logback/logback-core/1.5.12/logback-core-1.5.12.jar:/home/nadim/.m2/repository/org/slf4j/slf4j-api/2.0.15/slf4j-api-2.0.15.jar:/home/nadim/.m2/repository/org/testcontainers/postgresql/1.20.3/postgresql-1.20.3.jar:/home/nadim/.m2/repository/org/testcontainers/jdbc/1.20.3/jdbc-1.20.3.jar:/home/nadim/.m2/repository/org/testcontainers/database-commons/1.20.3/database-commons-1.20.3.jar:/home/nadim/.m2/repository/org/testcontainers/junit-jupiter/1.20.3/junit-jupiter-1.20.3.jar:/home/nadim/.m2/repository/org/testcontainers/testcontainers/1.20.3/testcontainers-1.20.3.jar:/home/nadim/.m2/repository/junit/junit/4.13.2/junit-4.13.2.jar:/home/nadim/.m2/repository/org/hamcrest/hamcrest-core/1.3/hamcrest-core-1.3.jar:/home/nadim/.m2/repository/org/apache/commons/commons-compress/1.24.0/commons-compress-1.24.0.jar:/home/nadim/.m2/repository/org/rnorth/duct-tape/duct-tape/1.0.8/duct-tape-1.0.8.jar:/home/nadim/.m2/repository/com/github/docker-java/docker-java-api/3.4.0/docker-java-api-3.4.0.jar:/home/nadim/.m2/repository/com/fasterxml/jackson/core/jackson-annotations/2.10.3/jackson-annotations-2.10.3.jar:/home/nadim/.m2/repository/com/github/docker-java/docker-java-transport-zerodep/3.4.0/docker-java-transport-zerodep-3.4.0.jar:/home/nadim/.m2/repository/com/github/docker-java/docker-java-transport/3.4.0/docker-java-transport-3.4.0.jar:/home/nadim/.m2/repository/org/postgresql/postgresql/42.7.4/postgresql-42.7.4.jar:/home/nadim/.m2/repository/org/checkerframework/checker-qual/3.42.0/checker-qual-3.42.0.jar:/home/nadim/.m2/repository/org/testcontainers/mariadb/1.20.3/mariadb-1.20.3.jar:/home/nadim/.m2/repository/org/mariadb/jdbc/mariadb-java-client/3.5.0/mariadb-java-client-3.5.0.jar:/home/nadim/.m2/repository/com/github/waffle/waffle-jna/3.3.0/waffle-jna-3.3.0.jar:/home/nadim/.m2/repository/net/java/dev/jna/jna/5.13.0/jna-5.13.0.jar:/home/nadim/.m2/repository/net/java/dev/jna/jna-platform/5.13.0/jna-platform-5.13.0.jar:/home/nadim/.m2/repository/org/slf4j/jcl-over-slf4j/2.0.7/jcl-over-slf4j-2.0.7.jar:/home/nadim/.m2/repository/com/github/ben-manes/caffeine/caffeine/2.9.3/caffeine-2.9.3.jar:/home/nadim/.m2/repository/com/google/errorprone/error_prone_annotations/2.10.0/error_prone_annotations-2.10.0.jar:"/>
    <property name="nondexExecid" value="PWf0akqfX7ywBfnUlClGfSIKSHvlGw5Q+DayDagme7E="/>
    <property name="sun.cpu.endian" value="little"/>
    <property name="user.home" value="/home/nadim"/>
    <property name="user.language" value="en"/>
    <property name="git.closest.tag.commit.count" value="174"/>
    <property name="java.specification.vendor" value="Oracle Corporation"/>
    <property name="java.version.date" value="2025-07-15"/>
    <property name="java.home" value="/usr/lib/jvm/java-17-openjdk-amd64"/>
    <property name="git.total.commit.count" value="2669"/>
    <property name="file.separator" value="/"/>
    <property name="basedir" value="/home/nadim/mybatis-dynamic-sql"/>
    <property name="java.vm.compressedOopsMode" value="32-bit"/>
    <property name="nondexEnd" value="9223372036854775807"/>
    <property name="line.separator" value="&#10;"/>
    <property name="git.commit.committer.time" value="2024-11-15T19:36:06+06:00"/>
    <property name="git.build.user.email" value=""/>
    <property name="java.specification.name" value="Java Platform API Specification"/>
    <property name="java.vm.specification.vendor" value="Oracle Corporation"/>
    <property name="git.closest.tag.name" value="mybatis-dynamic-sql-1.5.2"/>
    <property name="git.tag" value=""/>
    <property name="aether.connector.smartChecksums" value="false"/>
    <property name="nondexFilter" value=".*"/>
    <property name="git.local.branch.ahead" value="NO_REMOTE"/>
    <property name="nondexSeed" value="1803502"/>
    <property name="git.build.time" value="2024-06-04T03:15:35+06:00"/>
    <property name="surefire.real.class.path" value="/home/nadim/mybatis-dynamic-sql/target/surefire/surefirebooter-20250927022232019_69.jar"/>
    <property name="git.commit.message.full" value="Merge pull request #868 from mybatis/renovate/spring-core&#10;&#10;Update dependency org.springframework:spring-jdbc to v6.2.0"/>
    <property name="sun.management.compiler" value="HotSpot 64-Bit Tiered Compilers"/>
    <property name="java.runtime.version" value="17.0.16+8-Ubuntu-0ubuntu124.04.1"/>
    <property name="user.name" value="nadim"/>
    <property name="path.separator" value=":"/>
    <property name="os.version" value="6.14.0-32-generic"/>
    <property name="java.runtime.name" value="OpenJDK Runtime Environment"/>
    <property name="file.encoding" value="UTF-8"/>
    <property name="git.commit.user.email" value="jeremylandis@hotmail.com"/>
    <property name="aether.checksums.algorithms" value="SHA-512,SHA-256,SHA-1,MD5"/>
    <property name="java.vm.name" value="OpenJDK 64-Bit Server VM"/>
    <property name="git.local.branch.behind" value="NO_REMOTE"/>
    <property name="git.dirty" value="false"/>
    <property name="localRepository" value="/home/nadim/.m2/repository"/>
    <property name="nondexDir" value="/home/nadim/mybatis-dynamic-sql/.nondex"/>
    <property name="nondexJarDir" value="/home/nadim/mybatis-dynamic-sql/.nondex"/>
    <property name="java.vendor.url.bug" value="https://bugs.launchpad.net/ubuntu/+source/openjdk-17"/>
    <property name="java.io.tmpdir" value="/tmp"/>
    <property name="java.version" value="17.0.16"/>
    <property name="user.dir" value="/home/nadim/mybatis-dynamic-sql"/>
    <property name="os.arch" value="amd64"/>
    <property name="git.commit.user.name" value="Jeremy Landis"/>
    <property name="git.commit.id.abbrev" value="b746b26"/>
    <property name="nondexMode" value="FULL"/>
    <property name="java.vm.specification.name" value="Java Virtual Machine Specification"/>
    <property name="git.commit.id.describe-short" value="mybatis-dynamic-sql-1.5.2-174"/>
    <property name="git.commit.id.describe" value="mybatis-dynamic-sql-1.5.2-174-gb746b26"/>
    <property name="native.encoding" value="UTF-8"/>
    <property name="java.library.path" value="/usr/java/packages/lib:/usr/lib/x86_64-linux-gnu/jni:/lib/x86_64-linux-gnu:/usr/lib/x86_64-linux-gnu:/usr/lib/jni:/lib:/usr/lib"/>
    <property name="git.commit.message.short" value="Merge pull request #868 from mybatis/renovate/spring-core"/>
    <property name="java.vm.info" value="mixed mode"/>
    <property name="java.vendor" value="Ubuntu"/>
    <property name="java.vm.version" value="17.0.16+8-Ubuntu-0ubuntu124.04.1"/>
    <property name="java.specification.maintenance.version" value="1"/>
    <property name="sun.io.unicode.encoding" value="UnicodeLittle"/>
    <property name="java.class.version" value="61.0"/>
    <property name="git.commit.time" value="2024-11-15T19:36:06+06:00"/>
    <property name="git.remote.origin.url" value="https://github.com/mybatis/mybatis-dynamic-sql"/>
  </properties>
  <testcase name="testWhereFragmentCollectorMerge" classname="org.mybatis.dynamic.sql.util.FragmentCollectorTest" time="0.061"/>
</testsuite>