<?xml version="1.0" encoding="UTF-8"?>
<!--

       Copyright 2016-2025 the original author or authors.

       Licensed under the Apache License, Version 2.0 (the "License");
       you may not use this file except in compliance with the License.
       You may obtain a copy of the License at

          http://www.apache.org/licenses/LICENSE-2.0

       Unless required by applicable law or agreed to in writing, software
       distributed under the License is distributed on an "AS IS" BASIS,
       WITHOUT WARRANTIES OR CONDITIONS OF ANY KIND, either express or implied.
       See the License for the specific language governing permissions and
       limitations under the License.

-->
<testsuite xmlns:xsi="http://www.w3.org/2001/XMLSchema-instance" xsi:noNamespaceSchemaLocation="https://maven.apache.org/surefire/maven-surefire-plugin/xsd/surefire-test-report-3.0.xsd" version="3.0" name="org.mybatis.dynamic.sql.util.FragmentCollectorTest" time="0.437" tests="1" errors="0" skipped="0" failures="0">
  <properties>
    <property name="nondexStart" value="0"/>
    <property name="java.specification.version" value="17"/>
    <property name="sun.jnu.encoding" value="UTF-8"/>
    <property name="java.class.path" value="/home/nadim/mybatis-dynamic-sql/target/test-classes:/home/nadim/mybatis-dynamic-sql/target/classes:/home/nadim/.m2/repository/org/jetbrains/kotlin/kotlin-stdlib-jdk8/1.6.10/kotlin-stdlib-jdk8-1.6.10.jar:/home/nadim/.m2/repository/org/jetbrains/kotlin/kotlin-stdlib/1.6.10/kotlin-stdlib-1.6.10.jar:/home/nadim/.m2/repository/org/jetbrains/annotations/13.0/annotations-13.0.jar:/home/nadim/.m2/repository/org/jetbrains/kotlin/kotlin-stdlib-common/1.6.10/kotlin-stdlib-common-1.6.10.jar:/home/nadim/.m2/repository/org/jetbrains/kotlin/kotlin-stdlib-jdk7/1.6.10/kotlin-stdlib-jdk7-1.6.10.jar:/home/nadim/.m2/repository/org/springframework/spring-jdbc/5.3.15/spring-jdbc-5.3.15.jar:/home/nadim/.m2/repository/org/springframework/spring-beans/5.3.15/spring-beans-5.3.15.jar:/home/nadim/.m2/repository/org/springframework/spring-core/5.3.15/spring-core-5.3.15.jar:/home/nadim/.m2/repository/org/springframework/spring-jcl/5.3.15/spring-jcl-5.3.15.jar:/home/nadim/.m2/repository/org/springframework/spring-tx/5.3.15/spring-tx-5.3.15.jar:/home/nadim/.m2/repository/org/mybatis/mybatis/3.5.9/mybatis-3.5.9.jar:/home/nadim/.m2/repository/org/junit/jupiter/junit-jupiter-api/5.8.2/junit-jupiter-api-5.8.2.jar:/home/nadim/.m2/repository/org/opentest4j/opentest4j/1.2.0/opentest4j-1.2.0.jar:/home/nadim/.m2/repository/org/junit/platform/junit-platform-commons/1.8.2/junit-platform-commons-1.8.2.jar:/home/nadim/.m2/repository/org/apiguardian/apiguardian-api/1.1.2/apiguardian-api-1.1.2.jar:/home/nadim/.m2/repository/org/junit/jupiter/junit-jupiter-engine/5.8.2/junit-jupiter-engine-5.8.2.jar:/home/nadim/.m2/repository/org/junit/platform/junit-platform-engine/1.8.2/junit-platform-engine-1.8.2.jar:/home/nadim/.m2/repository/org/junit/jupiter/junit-jupiter-params/5.8.2/junit-jupiter-params-5.8.2.jar:/home/nadim/.m2/repository/org/junit/platform/junit-platform-launcher/1.8.2/junit-platform-launcher-1.8.2.jar:/home/nadim/.m2/repository/org/assertj/assertj-core/3.22.0/assertj-core-3.22.0.jar:/home/nadim/.m2/repository/org/mybatis/mybatis-spring/2.0.7/mybatis-spring-2.0.7.jar:/home/nadim/.m2/repository/org/hsqldb/hsqldb/2.5.2/hsqldb-2.5.2.jar:/home/nadim/.m2/repository/org/springframework/batch/spring-batch-core/4.3.4/spring-batch-core-4.3.4.jar:/home/nadim/.m2/repository/com/fasterxml/jackson/core/jackson-databind/2.11.4/jackson-databind-2.11.4.jar:/home/nadim/.m2/repository/com/fasterxml/jackson/core/jackson-annotations/2.11.4/jackson-annotations-2.11.4.jar:/home/nadim/.m2/repository/com/fasterxml/jackson/core/jackson-core/2.11.4/jackson-core-2.11.4.jar:/home/nadim/.m2/repository/io/micrometer/micrometer-core/1.5.17/micrometer-core-1.5.17.jar:/home/nadim/.m2/repository/org/hdrhistogram/HdrHistogram/2.1.12/HdrHistogram-2.1.12.jar:/home/nadim/.m2/repository/org/latencyutils/LatencyUtils/2.0.3/LatencyUtils-2.0.3.jar:/home/nadim/.m2/repository/javax/batch/javax.batch-api/1.0/javax.batch-api-1.0.jar:/home/nadim/.m2/repository/org/codehaus/jettison/jettison/1.2/jettison-1.2.jar:/home/nadim/.m2/repository/org/springframework/batch/spring-batch-infrastructure/4.3.4/spring-batch-infrastructure-4.3.4.jar:/home/nadim/.m2/repository/org/springframework/retry/spring-retry/1.3.1/spring-retry-1.3.1.jar:/home/nadim/.m2/repository/javax/annotation/javax.annotation-api/1.3.2/javax.annotation-api-1.3.2.jar:/home/nadim/.m2/repository/org/springframework/spring-aop/5.3.13/spring-aop-5.3.13.jar:/home/nadim/.m2/repository/org/springframework/spring-context/5.3.13/spring-context-5.3.13.jar:/home/nadim/.m2/repository/org/springframework/spring-expression/5.3.13/spring-expression-5.3.13.jar:/home/nadim/.m2/repository/org/springframework/batch/spring-batch-test/4.3.4/spring-batch-test-4.3.4.jar:/home/nadim/.m2/repository/org/springframework/spring-test/5.3.13/spring-test-5.3.13.jar:/home/nadim/.m2/repository/ch/qos/logback/logback-classic/1.2.10/logback-classic-1.2.10.jar:/home/nadim/.m2/repository/ch/qos/logback/logback-core/1.2.10/logback-core-1.2.10.jar:/home/nadim/.m2/repository/org/slf4j/slf4j-api/1.7.32/slf4j-api-1.7.32.jar:/home/nadim/.m2/repository/org/hamcrest/hamcrest/2.2/hamcrest-2.2.jar:/home/nadim/.m2/repository/org/testcontainers/postgresql/1.16.3/postgresql-1.16.3.jar:/home/nadim/.m2/repository/org/testcontainers/jdbc/1.16.3/jdbc-1.16.3.jar:/home/nadim/.m2/repository/org/testcontainers/database-commons/1.16.3/database-commons-1.16.3.jar:/home/nadim/.m2/repository/org/testcontainers/junit-jupiter/1.16.3/junit-jupiter-1.16.3.jar:/home/nadim/.m2/repository/org/testcontainers/testcontainers/1.16.3/testcontainers-1.16.3.jar:/home/nadim/.m2/repository/junit/junit/4.13.2/junit-4.13.2.jar:/home/nadim/.m2/repository/org/hamcrest/hamcrest-core/1.3/hamcrest-core-1.3.jar:/home/nadim/.m2/repository/org/apache/commons/commons-compress/1.21/commons-compress-1.21.jar:/home/nadim/.m2/repository/org/rnorth/duct-tape/duct-tape/1.0.8/duct-tape-1.0.8.jar:/home/nadim/.m2/repository/com/github/docker-java/docker-java-api/3.2.12/docker-java-api-3.2.12.jar:/home/nadim/.m2/repository/com/github/docker-java/docker-java-transport-zerodep/3.2.12/docker-java-transport-zerodep-3.2.12.jar:/home/nadim/.m2/repository/com/github/docker-java/docker-java-transport/3.2.12/docker-java-transport-3.2.12.jar:/home/nadim/.m2/repository/net/java/dev/jna/jna/5.8.0/jna-5.8.0.jar:/home/nadim/.m2/repository/org/postgresql/postgresql/42.3.1/postgresql-42.3.1.jar:/home/nadim/.m2/repository/org/checkerframework/checker-qual/3.5.0/checker-qual-3.5.0.jar:"/>
    <property name="java.vm.vendor" value="Ubuntu"/>
    <property name="nondexPrintstack" value="false"/>
    <property name="sun.arch.data.model" value="64"/>
    <property name="java.vendor.url" value="https://ubuntu.com/"/>
    <property name="nondexRuns" value="20"/>
    <property name="os.name" value="Linux"/>
    <property name="java.vm.specification.version" value="17"/>
    <property name="sun.java.launcher" value="SUN_STANDARD"/>
    <property name="user.country" value="US"/>
    <property name="sun.boot.library.path" value="/usr/lib/jvm/java-17-openjdk-amd64/lib"/>
    <property name="nondexLogging" value="CONFIG"/>
    <property name="sun.java.command" value="/home/nadim/mybatis-dynamic-sql/target/surefire/surefirebooter3582147538401163324.jar /home/nadim/mybatis-dynamic-sql/target/surefire 2025-09-27T15-15-32_210-jvmRun1 surefire12109504569967255830tmp surefire_1810400817155493813416tmp"/>
    <property name="jdk.debug" value="release"/>
    <property name="surefire.test.class.path" value="/home/nadim/mybatis-dynamic-sql/target/test-classes:/home/nadim/mybatis-dynamic-sql/target/classes:/home/nadim/.m2/repository/org/jetbrains/kotlin/kotlin-stdlib-jdk8/1.6.10/kotlin-stdlib-jdk8-1.6.10.jar:/home/nadim/.m2/repository/org/jetbrains/kotlin/kotlin-stdlib/1.6.10/kotlin-stdlib-1.6.10.jar:/home/nadim/.m2/repository/org/jetbrains/annotations/13.0/annotations-13.0.jar:/home/nadim/.m2/repository/org/jetbrains/kotlin/kotlin-stdlib-common/1.6.10/kotlin-stdlib-common-1.6.10.jar:/home/nadim/.m2/repository/org/jetbrains/kotlin/kotlin-stdlib-jdk7/1.6.10/kotlin-stdlib-jdk7-1.6.10.jar:/home/nadim/.m2/repository/org/springframework/spring-jdbc/5.3.15/spring-jdbc-5.3.15.jar:/home/nadim/.m2/repository/org/springframework/spring-beans/5.3.15/spring-beans-5.3.15.jar:/home/nadim/.m2/repository/org/springframework/spring-core/5.3.15/spring-core-5.3.15.jar:/home/nadim/.m2/repository/org/springframework/spring-jcl/5.3.15/spring-jcl-5.3.15.jar:/home/nadim/.m2/repository/org/springframework/spring-tx/5.3.15/spring-tx-5.3.15.jar:/home/nadim/.m2/repository/org/mybatis/mybatis/3.5.9/mybatis-3.5.9.jar:/home/nadim/.m2/repository/org/junit/jupiter/junit-jupiter-api/5.8.2/junit-jupiter-api-5.8.2.jar:/home/nadim/.m2/repository/org/opentest4j/opentest4j/1.2.0/opentest4j-1.2.0.jar:/home/nadim/.m2/repository/org/junit/platform/junit-platform-commons/1.8.2/junit-platform-commons-1.8.2.jar:/home/nadim/.m2/repository/org/apiguardian/apiguardian-api/1.1.2/apiguardian-api-1.1.2.jar:/home/nadim/.m2/repository/org/junit/jupiter/junit-jupiter-engine/5.8.2/junit-jupiter-engine-5.8.2.jar:/home/nadim/.m2/repository/org/junit/platform/junit-platform-engine/1.8.2/junit-platform-engine-1.8.2.jar:/home/nadim/.m2/repository/org/junit/jupiter/junit-jupiter-params/5.8.2/junit-jupiter-params-5.8.2.jar:/home/nadim/.m2/repository/org/junit/platform/junit-platform-launcher/1.8.2/junit-platform-launcher-1.8.2.jar:/home/nadim/.m2/repository/org/assertj/assertj-core/3.22.0/assertj-core-3.22.0.jar:/home/nadim/.m2/repository/org/mybatis/mybatis-spring/2.0.7/mybatis-spring-2.0.7.jar:/home/nadim/.m2/repository/org/hsqldb/hsqldb/2.5.2/hsqldb-2.5.2.jar:/home/nadim/.m2/repository/org/springframework/batch/spring-batch-core/4.3.4/spring-batch-core-4.3.4.jar:/home/nadim/.m2/repository/com/fasterxml/jackson/core/jackson-databind/2.11.4/jackson-databind-2.11.4.jar:/home/nadim/.m2/repository/com/fasterxml/jackson/core/jackson-annotations/2.11.4/jackson-annotations-2.11.4.jar:/home/nadim/.m2/repository/com/fasterxml/jackson/core/jackson-core/2.11.4/jackson-core-2.11.4.jar:/home/nadim/.m2/repository/io/micrometer/micrometer-core/1.5.17/micrometer-core-1.5.17.jar:/home/nadim/.m2/repository/org/hdrhistogram/HdrHistogram/2.1.12/HdrHistogram-2.1.12.jar:/home/nadim/.m2/repository/org/latencyutils/LatencyUtils/2.0.3/LatencyUtils-2.0.3.jar:/home/nadim/.m2/repository/javax/batch/javax.batch-api/1.0/javax.batch-api-1.0.jar:/home/nadim/.m2/repository/org/codehaus/jettison/jettison/1.2/jettison-1.2.jar:/home/nadim/.m2/repository/org/springframework/batch/spring-batch-infrastructure/4.3.4/spring-batch-infrastructure-4.3.4.jar:/home/nadim/.m2/repository/org/springframework/retry/spring-retry/1.3.1/spring-retry-1.3.1.jar:/home/nadim/.m2/repository/javax/annotation/javax.annotation-api/1.3.2/javax.annotation-api-1.3.2.jar:/home/nadim/.m2/repository/org/springframework/spring-aop/5.3.13/spring-aop-5.3.13.jar:/home/nadim/.m2/repository/org/springframework/spring-context/5.3.13/spring-context-5.3.13.jar:/home/nadim/.m2/repository/org/springframework/spring-expression/5.3.13/spring-expression-5.3.13.jar:/home/nadim/.m2/repository/org/springframework/batch/spring-batch-test/4.3.4/spring-batch-test-4.3.4.jar:/home/nadim/.m2/repository/org/springframework/spring-test/5.3.13/spring-test-5.3.13.jar:/home/nadim/.m2/repository/ch/qos/logback/logback-classic/1.2.10/logback-classic-1.2.10.jar:/home/nadim/.m2/repository/ch/qos/logback/logback-core/1.2.10/logback-core-1.2.10.jar:/home/nadim/.m2/repository/org/slf4j/slf4j-api/1.7.32/slf4j-api-1.7.32.jar:/home/nadim/.m2/repository/org/hamcrest/hamcrest/2.2/hamcrest-2.2.jar:/home/nadim/.m2/repository/org/testcontainers/postgresql/1.16.3/postgresql-1.16.3.jar:/home/nadim/.m2/repository/org/testcontainers/jdbc/1.16.3/jdbc-1.16.3.jar:/home/nadim/.m2/repository/org/testcontainers/database-commons/1.16.3/database-commons-1.16.3.jar:/home/nadim/.m2/repository/org/testcontainers/junit-jupiter/1.16.3/junit-jupiter-1.16.3.jar:/home/nadim/.m2/repository/org/testcontainers/testcontainers/1.16.3/testcontainers-1.16.3.jar:/home/nadim/.m2/repository/junit/junit/4.13.2/junit-4.13.2.jar:/home/nadim/.m2/repository/org/hamcrest/hamcrest-core/1.3/hamcrest-core-1.3.jar:/home/nadim/.m2/repository/org/apache/commons/commons-compress/1.21/commons-compress-1.21.jar:/home/nadim/.m2/repository/org/rnorth/duct-tape/duct-tape/1.0.8/duct-tape-1.0.8.jar:/home/nadim/.m2/repository/com/github/docker-java/docker-java-api/3.2.12/docker-java-api-3.2.12.jar:/home/nadim/.m2/repository/com/github/docker-java/docker-java-transport-zerodep/3.2.12/docker-java-transport-zerodep-3.2.12.jar:/home/nadim/.m2/repository/com/github/docker-java/docker-java-transport/3.2.12/docker-java-transport-3.2.12.jar:/home/nadim/.m2/repository/net/java/dev/jna/jna/5.8.0/jna-5.8.0.jar:/home/nadim/.m2/repository/org/postgresql/postgresql/42.3.1/postgresql-42.3.1.jar:/home/nadim/.m2/repository/org/checkerframework/checker-qual/3.5.0/checker-qual-3.5.0.jar:"/>
    <property name="test" value="org.mybatis.dynamic.sql.util.FragmentCollectorTest#testWhereFragmentCollectorMerge"/>
    <property name="nondexExecid" value="G1LStiKOVQ+X3aJZLuvBcD7DsuzAicYRMdYqBz18GJU="/>
    <property name="sun.cpu.endian" value="little"/>
    <property name="user.home" value="/home/nadim"/>
    <property name="user.language" value="en"/>
    <property name="java.specification.vendor" value="Oracle Corporation"/>
    <property name="java.version.date" value="2025-07-15"/>
    <property name="java.home" value="/usr/lib/jvm/java-17-openjdk-amd64"/>
    <property name="basedir" value="/home/nadim/mybatis-dynamic-sql"/>
    <property name="file.separator" value="/"/>
    <property name="java.vm.compressedOopsMode" value="32-bit"/>
    <property name="nondexEnd" value="9223372036854775807"/>
    <property name="line.separator" value="&#10;"/>
    <property name="java.specification.name" value="Java Platform API Specification"/>
    <property name="jdk.attach.allowAttachSelf" value=""/>
    <property name="java.vm.specification.vendor" value="Oracle Corporation"/>
    <property name="nondexFilter" value=".*"/>
    <property name="nondexSeed" value="1637726"/>
    <property name="surefire.real.class.path" value="/home/nadim/mybatis-dynamic-sql/target/surefire/surefirebooter3582147538401163324.jar"/>
    <property name="sun.management.compiler" value="HotSpot 64-Bit Tiered Compilers"/>
    <property name="java.runtime.version" value="17.0.16+8-Ubuntu-0ubuntu124.04.1"/>
    <property name="user.name" value="nadim"/>
    <property name="path.separator" value=":"/>
    <property name="os.version" value="6.14.0-32-generic"/>
    <property name="java.runtime.name" value="OpenJDK Runtime Environment"/>
    <property name="file.encoding" value="UTF-8"/>
    <property name="java.vm.name" value="OpenJDK 64-Bit Server VM"/>
    <property name="localRepository" value="/home/nadim/.m2/repository"/>
    <property name="nondexDir" value="/home/nadim/mybatis-dynamic-sql/.nondex"/>
    <property name="java.vendor.url.bug" value="https://bugs.launchpad.net/ubuntu/+source/openjdk-17"/>
    <property name="nondexJarDir" value="/home/nadim/mybatis-dynamic-sql/.nondex"/>
    <property name="java.io.tmpdir" value="/tmp"/>
    <property name="java.version" value="17.0.16"/>
    <property name="user.dir" value="/home/nadim/mybatis-dynamic-sql"/>
    <property name="os.arch" value="amd64"/>
    <property name="nondexMode" value="FULL"/>
    <property name="java.vm.specification.name" value="Java Virtual Machine Specification"/>
    <property name="native.encoding" value="UTF-8"/>
    <property name="java.library.path" value="/usr/java/packages/lib:/usr/lib/x86_64-linux-gnu/jni:/lib/x86_64-linux-gnu:/usr/lib/x86_64-linux-gnu:/usr/lib/jni:/lib:/usr/lib"/>
    <property name="java.vendor" value="Ubuntu"/>
    <property name="java.vm.info" value="mixed mode"/>
    <property name="java.vm.version" value="17.0.16+8-Ubuntu-0ubuntu124.04.1"/>
    <property name="java.specification.maintenance.version" value="1"/>
    <property name="sun.io.unicode.encoding" value="UnicodeLittle"/>
    <property name="java.class.version" value="61.0"/>
  </properties>
  <testcase name="testWhereFragmentCollectorMerge" classname="org.mybatis.dynamic.sql.util.FragmentCollectorTest" time="0.353"/>
</testsuite>